2025-12-14 18:42:24,659 - INFO - Using device: cpu
2025-12-14 18:42:24,659 - INFO - Hyperparameters -> model: SZTAKI-HLT/hubert-base-cc | epochs: 3 | batch: 8 | lr: 3e-05 | max_len: 128 | warmup: 0 | weight_decay: 0.01 | grad_clip: 1.0
2025-12-14 18:42:24,684 - INFO - Loaded data. Train rows: 3154, Test rows: 581
2025-12-14 18:42:24,685 - INFO - Train label distribution -> 1:139, 2:371, 3:705, 4:978, 5:961
2025-12-14 18:42:32,280 - INFO - Model params: total=110621957 trainable=110621957
2025-12-14 18:42:32,286 - INFO - Train (fit) label distribution -> 1:125, 2:334, 3:634, 4:880, 5:865
2025-12-14 18:42:32,290 - INFO - Validation label distribution -> 1:14, 2:37, 3:71, 4:98, 5:96
2025-12-14 18:42:32,292 - INFO - Test label distribution -> 1:61, 2:79, 3:109, 4:142, 5:190
2025-12-14 18:56:53,901 - INFO - Epoch 1/3 | loss: 1.3055 | val_acc: 0.4589 | val_f1_macro: 0.3004 | time: 838.26s
2025-12-14 19:09:59,999 - INFO - Epoch 2/3 | loss: 1.1338 | val_acc: 0.4937 | val_f1_macro: 0.3655 | time: 761.96s
2025-12-14 19:25:40,252 - INFO - Epoch 3/3 | loss: 0.8911 | val_acc: 0.5380 | val_f1_macro: 0.4503 | time: 911.41s
2025-12-14 19:26:33,021 - INFO - Test metrics: {'accuracy': 0.39070567986230637, 'f1_macro': 0.3437171547062871}
2025-12-14 19:26:33,836 - INFO - Saved model weights to /app/data/model.pt
2025-12-14 19:26:33,839 - INFO - Saved metrics to /app/data/model.json
2025-12-14 19:26:33,983 - INFO - Saved training curves to media/training_curves.png
2025-12-14 20:11:22,315 - INFO - Using device: cpu
2025-12-14 20:11:22,315 - INFO - Hyperparameters -> model: SZTAKI-HLT/hubert-base-cc | epochs: 3 | batch: 8 | lr: 3e-05 | max_len: 128 | warmup: 0 | weight_decay: 0.01 | grad_clip: 1.0
2025-12-14 20:11:22,332 - INFO - Loaded data. Train rows: 3154, Test rows: 581
2025-12-14 20:11:22,333 - INFO - Train label distribution -> 1:139, 2:371, 3:705, 4:978, 5:961
2025-12-14 20:11:29,034 - INFO - Model params: total=110621957 trainable=110621957
2025-12-14 20:11:29,037 - INFO - Train (fit) label distribution -> 1:125, 2:334, 3:634, 4:880, 5:865
2025-12-14 20:11:29,038 - INFO - Validation label distribution -> 1:14, 2:37, 3:71, 4:98, 5:96
2025-12-14 20:11:29,039 - INFO - Test label distribution -> 1:61, 2:79, 3:109, 4:142, 5:190
2025-12-14 20:25:22,112 - INFO - Epoch 1/3 | loss: 1.3055 | val_acc: 0.4589 | val_f1_macro: 0.3004 | time: 808.16s
2025-12-14 20:39:05,994 - INFO - Epoch 2/3 | loss: 1.1338 | val_acc: 0.4937 | val_f1_macro: 0.3655 | time: 801.06s
2025-12-14 20:53:02,615 - INFO - Epoch 3/3 | loss: 0.8911 | val_acc: 0.5380 | val_f1_macro: 0.4503 | time: 809.18s
2025-12-14 20:53:51,565 - INFO - Test metrics: {'accuracy': 0.39070567986230637, 'f1_macro': 0.3437171547062871}
2025-12-14 20:53:52,188 - INFO - Saved model weights to /app/data/model.pt
2025-12-14 20:53:52,190 - INFO - Saved metrics to /app/data/model.json
2025-12-14 20:53:52,283 - INFO - Saved training curves to media/training_curves.png
